<?xml version="1.0" encoding="UTF-8"?>
<testsuite name="RectangleTest" tests="2" skipped="0" failures="0" errors="0" timestamp="2016-09-06T23:27:26" hostname="staff-5.local" time="0.002">
  <properties/>
  <testcase name="newRectangle_instantiatesCorrectly_true" classname="RectangleTest" time="0.002"/>
  <testcase name="newRectangle_instantiatesCorrectly" classname="RectangleTest" time="0.0"/>
  <system-out><![CDATA[]]></system-out>
  <system-err><![CDATA[]]></system-err>
</testsuite>
